-------------------------------------------------------------------------------
Test set: TestSuite
-------------------------------------------------------------------------------
Tests run: 42, Failures: 1, Errors: 0, Skipped: 0, Time elapsed: 1.106 sec <<< FAILURE!
ClearArraysRequiredToHaveEntries(com.mycompany.vertxschematester.LmfInfoNGTest)  Time elapsed: 0.008 sec  <<< FAILURE!
java.lang.AssertionError: failed to validate JSON!
	at org.testng.Assert.fail(Assert.java:85)
	at utils.TestUtil.assertSchema(TestUtil.java:68)
	at com.mycompany.vertxschematester.LmfInfoNGTest.ClearArraysRequiredToHaveEntries(LmfInfoNGTest.java:47)
Caused by: java.util.ConcurrentModificationException
	at java.base/java.util.HashMap.forEach(HashMap.java:1339)
	at io.vertx.json.schema.common.SchemaRouterImpl.lambda$getScopeParentAliases$10(SchemaRouterImpl.java:215)
	at java.base/java.util.ArrayList.forEach(ArrayList.java:1541)
	at io.vertx.json.schema.common.SchemaRouterImpl.getScopeParentAliases(SchemaRouterImpl.java:215)
	at io.vertx.json.schema.common.SchemaRouterImpl.resolveAbsoluteUriAlternatives(SchemaRouterImpl.java:227)
	at io.vertx.json.schema.common.SchemaRouterImpl.lambda$resolveCachedSchema$3(SchemaRouterImpl.java:76)
	at java.base/java.util.Optional.orElseGet(Optional.java:369)
	at io.vertx.json.schema.common.SchemaRouterImpl.resolveCachedSchema(SchemaRouterImpl.java:76)
	at io.vertx.json.schema.common.SchemaRouterImpl.resolveRef(SchemaRouterImpl.java:105)
	at io.vertx.json.schema.common.RefSchema.validateAsync(RefSchema.java:64)
	at io.vertx.json.schema.common.ItemsValidatorFactory$ItemsValidator.validateAsync(ItemsValidatorFactory.java:63)
	at io.vertx.json.schema.common.SchemaImpl.runAsyncValidators(SchemaImpl.java:173)
	at io.vertx.json.schema.common.SchemaImpl.validateAsync(SchemaImpl.java:121)
	at io.vertx.json.schema.common.PropertiesValidatorFactory$PropertiesValidator.validateAsync(PropertiesValidatorFactory.java:171)
	at io.vertx.json.schema.common.SchemaImpl.runAsyncValidators(SchemaImpl.java:173)
	at io.vertx.json.schema.common.SchemaImpl.validateAsync(SchemaImpl.java:121)
	at io.vertx.json.schema.common.SchemaImpl.validateAsync(SchemaImpl.java:48)
	at com.mycompany.vertxschematester.JsonValidatorImpl.validate(JsonValidatorImpl.java:77)
	at com.mycompany.vertxschematester.JsonValidatorImpl.validate(JsonValidatorImpl.java:52)
	at utils.TestUtil.assertSchema(TestUtil.java:59)
	... 39 more

