<?xml version="1.0" encoding="UTF-8" ?>
<testsuite tests="42" failures="1" name="TestSuite" time="0.132" errors="0" skipped="0">
  <properties>
    <property name="java.runtime.name" value="OpenJDK Runtime Environment"/>
    <property name="java.vm.version" value="11.0.11+9-Ubuntu-0ubuntu2.20.04"/>
    <property name="sun.boot.library.path" value="/usr/lib/jvm/java-11-openjdk-amd64/lib"/>
    <property name="maven.multiModuleProjectDirectory" value="/home/scardwell/NetBeansProjects/vertxschematester"/>
    <property name="java.vm.vendor" value="Ubuntu"/>
    <property name="java.vendor.url" value="https://ubuntu.com/"/>
    <property name="guice.disable.misplaced.annotation.check" value="true"/>
    <property name="path.separator" value=":"/>
    <property name="java.vm.name" value="OpenJDK 64-Bit Server VM"/>
    <property name="sun.os.patch.level" value="unknown"/>
    <property name="user.country" value="US"/>
    <property name="sun.java.launcher" value="SUN_STANDARD"/>
    <property name="java.vm.specification.name" value="Java Virtual Machine Specification"/>
    <property name="user.dir" value="/home/scardwell/NetBeansProjects/vertxschematester"/>
    <property name="java.vm.compressedOopsMode" value="Zero based"/>
    <property name="java.runtime.version" value="11.0.11+9-Ubuntu-0ubuntu2.20.04"/>
    <property name="java.awt.graphicsenv" value="sun.awt.X11GraphicsEnvironment"/>
    <property name="os.arch" value="amd64"/>
    <property name="java.io.tmpdir" value="/tmp"/>
    <property name="line.separator" value="
"/>
    <property name="java.vm.specification.vendor" value="Oracle Corporation"/>
    <property name="os.name" value="Linux"/>
    <property name="maven.ext.class.path" value="/usr/local/netbeans-12.2/netbeans/java/maven-nblib/netbeans-eventspy.jar"/>
    <property name="classworlds.conf" value="/usr/local/netbeans-12.2/netbeans/java/maven/bin/m2.conf"/>
    <property name="sun.jnu.encoding" value="UTF-8"/>
    <property name="java.library.path" value="/usr/java/packages/lib:/usr/lib/x86_64-linux-gnu/jni:/lib/x86_64-linux-gnu:/usr/lib/x86_64-linux-gnu:/usr/lib/jni:/lib:/usr/lib"/>
    <property name="maven.conf" value="/usr/local/netbeans-12.2/netbeans/java/maven/conf"/>
    <property name="jdk.debug" value="release"/>
    <property name="java.class.version" value="55.0"/>
    <property name="java.specification.name" value="Java Platform API Specification"/>
    <property name="sun.management.compiler" value="HotSpot 64-Bit Tiered Compilers"/>
    <property name="os.version" value="5.8.0-63-generic"/>
    <property name="library.jansi.path" value="/usr/local/netbeans-12.2/netbeans/java/maven/lib/jansi-native"/>
    <property name="user.home" value="/home/scardwell"/>
    <property name="user.timezone" value="America/New_York"/>
    <property name="java.awt.printerjob" value="sun.print.PSPrinterJob"/>
    <property name="file.encoding" value="UTF-8"/>
    <property name="java.specification.version" value="11"/>
    <property name="user.name" value="scardwell"/>
    <property name="java.class.path" value="/usr/local/netbeans-12.2/netbeans/java/maven/boot/plexus-classworlds-2.6.0.jar"/>
    <property name="java.vm.specification.version" value="11"/>
    <property name="sun.arch.data.model" value="64"/>
    <property name="sun.java.command" value="org.codehaus.plexus.classworlds.launcher.Launcher -Dmaven.ext.class.path=/usr/local/netbeans-12.2/netbeans/java/maven-nblib/netbeans-eventspy.jar clean install"/>
    <property name="java.home" value="/usr/lib/jvm/java-11-openjdk-amd64"/>
    <property name="user.language" value="en"/>
    <property name="java.specification.vendor" value="Oracle Corporation"/>
    <property name="awt.toolkit" value="sun.awt.X11.XToolkit"/>
    <property name="java.vm.info" value="mixed mode, sharing"/>
    <property name="java.version" value="11.0.11"/>
    <property name="securerandom.source" value="file:/dev/./urandom"/>
    <property name="java.vendor" value="Ubuntu"/>
    <property name="maven.home" value="/usr/local/netbeans-12.2/netbeans/java/maven"/>
    <property name="file.separator" value="/"/>
    <property name="java.version.date" value="2021-04-20"/>
    <property name="java.vendor.url.bug" value="https://bugs.launchpad.net/ubuntu/+source/openjdk-lts"/>
    <property name="sun.io.unicode.encoding" value="UnicodeLittle"/>
    <property name="sun.cpu.endian" value="little"/>
    <property name="sun.cpu.isalist" value=""/>
  </properties>
  <testcase classname="com.mycompany.vertxschematester.AmfCondNGTest" name="validate" time="0.011"/>
  <testcase classname="com.mycompany.vertxschematester.DnnUpfInfoItemNGTest" name="ClearArraysRequiredToHaveEntries" time="0.03"/>
  <testcase classname="com.mycompany.vertxschematester.DnnUpfInfoItemNGTest" name="removeServiceName" time="0"/>
  <testcase classname="com.mycompany.vertxschematester.DnnUpfInfoItemNGTest" name="validate" time="0.031"/>
  <testcase classname="com.mycompany.vertxschematester.BsfInfoNGTest" name="validate" time="0.002"/>
  <testcase classname="com.mycompany.vertxschematester.AtsssCapabilityNGTest" name="validate" time="0"/>
  <testcase classname="com.mycompany.vertxschematester.LmfInfoNGTest" name="ClearArraysRequiredToHaveEntries" time="0.008">
    <failure message="failed to validate JSON!" type="java.lang.AssertionError">java.lang.AssertionError: failed to validate JSON!
	at org.testng.Assert.fail(Assert.java:85)
	at utils.TestUtil.assertSchema(TestUtil.java:68)
	at com.mycompany.vertxschematester.LmfInfoNGTest.ClearArraysRequiredToHaveEntries(LmfInfoNGTest.java:47)
Caused by: java.util.ConcurrentModificationException
	at java.base/java.util.HashMap.forEach(HashMap.java:1339)
	at io.vertx.json.schema.common.SchemaRouterImpl.lambda$getScopeParentAliases$10(SchemaRouterImpl.java:215)
	at java.base/java.util.ArrayList.forEach(ArrayList.java:1541)
	at io.vertx.json.schema.common.SchemaRouterImpl.getScopeParentAliases(SchemaRouterImpl.java:215)
	at io.vertx.json.schema.common.SchemaRouterImpl.resolveAbsoluteUriAlternatives(SchemaRouterImpl.java:227)
	at io.vertx.json.schema.common.SchemaRouterImpl.lambda$resolveCachedSchema$3(SchemaRouterImpl.java:76)
	at java.base/java.util.Optional.orElseGet(Optional.java:369)
	at io.vertx.json.schema.common.SchemaRouterImpl.resolveCachedSchema(SchemaRouterImpl.java:76)
	at io.vertx.json.schema.common.SchemaRouterImpl.resolveRef(SchemaRouterImpl.java:105)
	at io.vertx.json.schema.common.RefSchema.validateAsync(RefSchema.java:64)
	at io.vertx.json.schema.common.ItemsValidatorFactory$ItemsValidator.validateAsync(ItemsValidatorFactory.java:63)
	at io.vertx.json.schema.common.SchemaImpl.runAsyncValidators(SchemaImpl.java:173)
	at io.vertx.json.schema.common.SchemaImpl.validateAsync(SchemaImpl.java:121)
	at io.vertx.json.schema.common.PropertiesValidatorFactory$PropertiesValidator.validateAsync(PropertiesValidatorFactory.java:171)
	at io.vertx.json.schema.common.SchemaImpl.runAsyncValidators(SchemaImpl.java:173)
	at io.vertx.json.schema.common.SchemaImpl.validateAsync(SchemaImpl.java:121)
	at io.vertx.json.schema.common.SchemaImpl.validateAsync(SchemaImpl.java:48)
	at com.mycompany.vertxschematester.JsonValidatorImpl.validate(JsonValidatorImpl.java:77)
	at com.mycompany.vertxschematester.JsonValidatorImpl.validate(JsonValidatorImpl.java:52)
	at utils.TestUtil.assertSchema(TestUtil.java:59)
	... 39 more
</failure>
  </testcase>
  <testcase classname="com.mycompany.vertxschematester.LmfInfoNGTest" name="validate" time="0.007"/>
  <testcase classname="com.mycompany.vertxschematester.InvalidParamNGTest" name="TestValidJson" time="0"/>
  <testcase classname="com.mycompany.vertxschematester.ImsiRangeNGTest" name="validate" time="0.001"/>
  <testcase classname="com.mycompany.vertxschematester.MappingOfSnssaiNGTest" name="removeRequiredFields" time="0.002"/>
  <testcase classname="com.mycompany.vertxschematester.MappingOfSnssaiNGTest" name="validate" time="0"/>
  <testcase classname="com.mycompany.vertxschematester.AudienceNGTest" name="validate" time="0.002"/>
  <testcase classname="com.mycompany.vertxschematester.InterfaceUpfInfoItemNGTest" name="removeInterfaceType" time="0.001"/>
  <testcase classname="com.mycompany.vertxschematester.InterfaceUpfInfoItemNGTest" name="validate" time="0.003"/>
  <testcase classname="com.mycompany.vertxschematester.N2InterfaceAmfInfoNGTest" name="validate" time="0.001"/>
  <testcase classname="com.mycompany.vertxschematester.DefaultNotificationSubscriptionNGTest" name="clearVersions" time="0.004"/>
  <testcase classname="com.mycompany.vertxschematester.DefaultNotificationSubscriptionNGTest" name="removeRequiredFields" time="0.002"/>
  <testcase classname="com.mycompany.vertxschematester.DefaultNotificationSubscriptionNGTest" name="validate" time="0.003"/>
  <testcase classname="com.mycompany.vertxschematester.AccessTokenRspNGTest" name="removeAccessToken" time="0.001"/>
  <testcase classname="com.mycompany.vertxschematester.AccessTokenRspNGTest" name="removeTokenType" time="0"/>
  <testcase classname="com.mycompany.vertxschematester.AccessTokenRspNGTest" name="validate" time="0"/>
  <testcase classname="com.mycompany.vertxschematester.LinkNGTest" name="removeHref" time="0"/>
  <testcase classname="com.mycompany.vertxschematester.LinkNGTest" name="validate" time="0"/>
  <testcase classname="com.mycompany.vertxschematester.Ipv4AddressRangeNGTest" name="removeEnd" time="0.003"/>
  <testcase classname="com.mycompany.vertxschematester.Ipv4AddressRangeNGTest" name="removeStart" time="0"/>
  <testcase classname="com.mycompany.vertxschematester.Ipv4AddressRangeNGTest" name="validate" time="0"/>
  <testcase classname="com.mycompany.vertxschematester.DnnSmfInfoItemNGTest" name="removeDnn" time="0"/>
  <testcase classname="com.mycompany.vertxschematester.DnnSmfInfoItemNGTest" name="validate" time="0"/>
  <testcase classname="com.mycompany.vertxschematester.Ipv6PrefixRangeNGTest" name="removeEnd" time="0.001"/>
  <testcase classname="com.mycompany.vertxschematester.Ipv6PrefixRangeNGTest" name="removeStart" time="0.001"/>
  <testcase classname="com.mycompany.vertxschematester.Ipv6PrefixRangeNGTest" name="validate" time="0"/>
  <testcase classname="com.mycompany.vertxschematester.IpEndPointNGTest" name="validate" time="0.003"/>
  <testcase classname="com.mycompany.vertxschematester.BindingRespNGTest" name="validate" time="0.001"/>
  <testcase classname="com.mycompany.vertxschematester.AccessTokenErrNGTest" name="removeError" time="0"/>
  <testcase classname="com.mycompany.vertxschematester.AccessTokenErrNGTest" name="validate" time="0.001"/>
  <testcase classname="com.mycompany.vertxschematester.AfEventExposureDataNGTest" name="validate" time="0.004"/>
  <testcase classname="com.mycompany.vertxschematester.ChfInfoListNGTest" name="InvalidAdditionalProperties" time="0.002"/>
  <testcase classname="com.mycompany.vertxschematester.ChfInfoListNGTest" name="validate" time="0.005"/>
  <testcase classname="com.mycompany.vertxschematester.ChfInfoListNGTest" name="validateMinItems" time="0.001"/>
  <testcase classname="com.mycompany.vertxschematester.IdentityRangeNGTest" name="validate" time="0"/>
  <testcase classname="com.mycompany.vertxschematester.InternalGroupIdRangeNGTest" name="validate" time="0.001"/>
</testsuite>